132424-deabwhr_sre16-0000185_0000362 174
132424-deabwhr_sre16-0000674_0001011 335
132424-deabwhr_sre16-0001279_0001449 167
132424-deabwhr_sre16-0005083_0005594 508
132424-deabwhr_sre16-0005604_0005813 206
132424-deabwhr_sre16-0005995_0006200 202
132424-deabwhr_sre16-0007595_0007963 365
132424-deabwhr_sre16-0008652_0009209 554
132424-deabwhr_sre16-0009471_0009720 246
132424-deabwhr_sre16-0011298_0011640 339
132424-degjtvw_sre16-0000000_0000147 144
132424-degjtvw_sre16-0000532_0000658 123
132424-degjtvw_sre16-0000985_0001128 140
132424-degjtvw_sre16-0001776_0001923 145
132424-degjtvw_sre16-0002732_0002866 131
132424-degjtvw_sre16-0003265_0003453 184
132424-degjtvw_sre16-0003836_0003972 133
132424-degjtvw_sre16-0004136_0004307 168
132424-degjtvw_sre16-0004459_0004618 156
132424-degjtvw_sre16-0004692_0004931 236
132424-degjtvw_sre16-0005060_0005300 237
132424-degjtvw_sre16-0005972_0006106 131
132424-degjtvw_sre16-0006305_0006686 378
132424-degjtvw_sre16-0007248_0007375 124
132424-degjtvw_sre16-0008103_0008587 481
132424-degjtvw_sre16-0009685_0009892 204
132424-degjtvw_sre16-0010860_0010982 119
132424-degjtvw_sre16-0011131_0011309 175
132424-degjtvw_sre16-0012139_0012557 415
132424-degjtvw_sre16-0012590_0012774 181
132424-degjtvw_sre16-0014033_0014294 259
132424-degjtvw_sre16-0014524_0014949 422
132424-degjtvw_sre16-0015526_0015793 264
132424-degjtvw_sre16-0016030_0016136 103
132424-degjtvw_sre16-0016286_0016481 192
132424-degjtvw_sre16-0017292_0017398 103
132424-degjtvw_sre16-0017534_0017752 215
132424-degjtvw_sre16-0018068_0018267 196
132424-degjtvw_sre16-0018409_0018595 183
132424-degjtvw_sre16-0019080_0019197 114
132424-degjtvw_sre16-0019902_0020009 104
132424-degjtvw_sre16-0021090_0021296 203
132424-degjtvw_sre16-0021415_0021727 309
132424-degjtvw_sre16-0023400_0023500 97
132424-degjtvw_sre16-0023770_0023886 113
132424-deikdmt_sre16-0000214_0000552 335
132424-deikdmt_sre16-0000800_0000900 97
132424-deikdmt_sre16-0001039_0001146 104
132424-deikdmt_sre16-0001429_0001577 145
132424-deikdmt_sre16-0001961_0002671 707
132424-deikdmt_sre16-0003073_0003302 226
132424-deikdmt_sre16-0003636_0004375 736
132424-deikdmt_sre16-0004959_0005675 713
132424-deikdmt_sre16-0005699_0005959 257
132424-deikdmt_sre16-0006158_0006294 133
132424-deikdmt_sre16-0007331_0008119 784
132424-deikdmt_sre16-0008119_0008543 421
132424-deikdmt_sre16-0009632_0009785 150
132424-deikdmt_sre16-0010287_0010582 292
132424-deikdmt_sre16-0010991_0011459 465
132424-deikdmt_sre16-0011510_0011751 238
132424-deikdmt_sre16-0012277_0012727 447
132424-dewnsdq_sre16-0000157_0000396 236
132424-dewnsdq_sre16-0001985_0002162 174
132424-dewnsdq_sre16-0002474_0002812 335
132424-dewnsdq_sre16-0003079_0003249 167
132424-dewnsdq_sre16-0003852_0004246 391
132424-dewnsdq_sre16-0006883_0007394 508
132424-dewnsdq_sre16-0007404_0007613 206
132424-dewnsdq_sre16-0007795_0008000 202
132424-dewnsdq_sre16-0009395_0009763 365
132424-dewnsdq_sre16-0010452_0011009 554
132424-dewnsdq_sre16-0011271_0011520 246
132424-dewrynp_sre16-0000123_0000229 103
132424-dewrynp_sre16-0001310_0001515 202
132424-dewrynp_sre16-0001635_0001947 309
132424-dewrynp_sre16-0003620_0003720 97
132424-dewrynp_sre16-0003990_0004123 130
132424-dewrynp_sre16-0008138_0008631 490
132424-dewrynp_sre16-0009132_0009274 139
132424-dewrynp_sre16-0009468_0009675 204
132424-dewrynp_sre16-0009790_0010122 329
132424-dewrynp_sre16-0010405_0010854 446
132424-dewrynp_sre16-0010919_0011409 487
132424-dewrynp_sre16-0011409_0011697 285
132424-dewrynp_sre16-0012095_0012220 122
132424-dewrynp_sre16-0013128_0013376 245
132424-dewrynp_sre16-0013761_0013906 142
132424-dewrynp_sre16-0014118_0014499 378
132424-dewrynp_sre16-0015502_0015666 161
132424-dewrynp_sre16-0016563_0016740 174
132424-dewrynp_sre16-0016900_0017286 383
