activate does not accept more than one argument:
('--hrs', '5', '--stage', '5')

dictionary: data/lang_1char/train_units.txt
stage 5: Decoding
activate does not accept more than one argument:
('--feat', 'dump/et_babel_lao/deltafalse/feats.scp', '--nlsyms', 'data/lang_1char/non_lang_syms.txt', 'data/et_babel_lao/split32utt/1', 'data/lang_1char/train_units.txt')

activate does not accept more than one argument:
('--feat', 'dump/dt_babel_lao/deltafalse/feats.scp', '--nlsyms', 'data/lang_1char/non_lang_syms.txt', 'data/dt_babel_lao/split32utt/1', 'data/lang_1char/train_units.txt')

activate does not accept more than one argument:
('--feat', 'dump/dt_babel_lao/deltafalse/feats.scp', '--nlsyms', 'data/lang_1char/non_lang_syms.txt', 'data/dt_babel_lao/split32utt/2', 'data/lang_1char/train_units.txt')

activate does not accept more than one argument:
('--feat', 'dump/et_babel_lao/deltafalse/feats.scp', '--nlsyms', 'data/lang_1char/non_lang_syms.txt', 'data/et_babel_lao/split32utt/2', 'data/lang_1char/train_units.txt')

activate does not accept more than one argument:
('--feat', 'dump/dt_babel_lao/deltafalse/feats.scp', '--nlsyms', 'data/lang_1char/non_lang_syms.txt', 'data/dt_babel_lao/split32utt/3', 'data/lang_1char/train_units.txt')

activate does not accept more than one argument:
('--feat', 'dump/dt_babel_lao/deltafalse/feats.scp', '--nlsyms', 'data/lang_1char/non_lang_syms.txt', 'data/dt_babel_lao/split32utt/4', 'data/lang_1char/train_units.txt')

activate does not accept more than one argument:
('--feat', 'dump/et_babel_lao/deltafalse/feats.scp', '--nlsyms', 'data/lang_1char/non_lang_syms.txt', 'data/et_babel_lao/split32utt/3', 'data/lang_1char/train_units.txt')

activate does not accept more than one argument:
('--feat', 'dump/dt_babel_lao/deltafalse/feats.scp', '--nlsyms', 'data/lang_1char/non_lang_syms.txt', 'data/dt_babel_lao/split32utt/5', 'data/lang_1char/train_units.txt')

activate does not accept more than one argument:
('--feat', 'dump/et_babel_lao/deltafalse/feats.scp', '--nlsyms', 'data/lang_1char/non_lang_syms.txt', 'data/et_babel_lao/split32utt/4', 'data/lang_1char/train_units.txt')

activate does not accept more than one argument:
('--feat', 'dump/dt_babel_lao/deltafalse/feats.scp', '--nlsyms', 'data/lang_1char/non_lang_syms.txt', 'data/dt_babel_lao/split32utt/6', 'data/lang_1char/train_units.txt')

activate does not accept more than one argument:
('--feat', 'dump/dt_babel_lao/deltafalse/feats.scp', '--nlsyms', 'data/lang_1char/non_lang_syms.txt', 'data/dt_babel_lao/split32utt/7', 'data/lang_1char/train_units.txt')

activate does not accept more than one argument:
('--feat', 'dump/et_babel_lao/deltafalse/feats.scp', '--nlsyms', 'data/lang_1char/non_lang_syms.txt', 'data/et_babel_lao/split32utt/5', 'data/lang_1char/train_units.txt')

activate does not accept more than one argument:
('--feat', 'dump/dt_babel_lao/deltafalse/feats.scp', '--nlsyms', 'data/lang_1char/non_lang_syms.txt', 'data/dt_babel_lao/split32utt/8', 'data/lang_1char/train_units.txt')

activate does not accept more than one argument:
('--feat', 'dump/et_babel_lao/deltafalse/feats.scp', '--nlsyms', 'data/lang_1char/non_lang_syms.txt', 'data/et_babel_lao/split32utt/6', 'data/lang_1char/train_units.txt')

activate does not accept more than one argument:
('--feat', 'dump/dt_babel_lao/deltafalse/feats.scp', '--nlsyms', 'data/lang_1char/non_lang_syms.txt', 'data/dt_babel_lao/split32utt/9', 'data/lang_1char/train_units.txt')

activate does not accept more than one argument:
('--feat', 'dump/dt_babel_lao/deltafalse/feats.scp', '--nlsyms', 'data/lang_1char/non_lang_syms.txt', 'data/dt_babel_lao/split32utt/10', 'data/lang_1char/train_units.txt')

activate does not accept more than one argument:
('--feat', 'dump/et_babel_lao/deltafalse/feats.scp', '--nlsyms', 'data/lang_1char/non_lang_syms.txt', 'data/et_babel_lao/split32utt/7', 'data/lang_1char/train_units.txt')

activate does not accept more than one argument:
('--feat', 'dump/dt_babel_lao/deltafalse/feats.scp', '--nlsyms', 'data/lang_1char/non_lang_syms.txt', 'data/dt_babel_lao/split32utt/11', 'data/lang_1char/train_units.txt')

activate does not accept more than one argument:
('--feat', 'dump/et_babel_lao/deltafalse/feats.scp', '--nlsyms', 'data/lang_1char/non_lang_syms.txt', 'data/et_babel_lao/split32utt/8', 'data/lang_1char/train_units.txt')

activate does not accept more than one argument:
('--feat', 'dump/dt_babel_lao/deltafalse/feats.scp', '--nlsyms', 'data/lang_1char/non_lang_syms.txt', 'data/dt_babel_lao/split32utt/12', 'data/lang_1char/train_units.txt')

activate does not accept more than one argument:
('--feat', 'dump/dt_babel_lao/deltafalse/feats.scp', '--nlsyms', 'data/lang_1char/non_lang_syms.txt', 'data/dt_babel_lao/split32utt/13', 'data/lang_1char/train_units.txt')

activate does not accept more than one argument:
('--feat', 'dump/et_babel_lao/deltafalse/feats.scp', '--nlsyms', 'data/lang_1char/non_lang_syms.txt', 'data/et_babel_lao/split32utt/9', 'data/lang_1char/train_units.txt')

activate does not accept more than one argument:
('--feat', 'dump/dt_babel_lao/deltafalse/feats.scp', '--nlsyms', 'data/lang_1char/non_lang_syms.txt', 'data/dt_babel_lao/split32utt/14', 'data/lang_1char/train_units.txt')

activate does not accept more than one argument:
('--feat', 'dump/et_babel_lao/deltafalse/feats.scp', '--nlsyms', 'data/lang_1char/non_lang_syms.txt', 'data/et_babel_lao/split32utt/10', 'data/lang_1char/train_units.txt')

activate does not accept more than one argument:
('--feat', 'dump/dt_babel_lao/deltafalse/feats.scp', '--nlsyms', 'data/lang_1char/non_lang_syms.txt', 'data/dt_babel_lao/split32utt/15', 'data/lang_1char/train_units.txt')

activate does not accept more than one argument:
('--feat', 'dump/dt_babel_lao/deltafalse/feats.scp', '--nlsyms', 'data/lang_1char/non_lang_syms.txt', 'data/dt_babel_lao/split32utt/16', 'data/lang_1char/train_units.txt')

activate does not accept more than one argument:
('--feat', 'dump/et_babel_lao/deltafalse/feats.scp', '--nlsyms', 'data/lang_1char/non_lang_syms.txt', 'data/et_babel_lao/split32utt/11', 'data/lang_1char/train_units.txt')

activate does not accept more than one argument:
('--feat', 'dump/dt_babel_lao/deltafalse/feats.scp', '--nlsyms', 'data/lang_1char/non_lang_syms.txt', 'data/dt_babel_lao/split32utt/17', 'data/lang_1char/train_units.txt')

activate does not accept more than one argument:
('--feat', 'dump/et_babel_lao/deltafalse/feats.scp', '--nlsyms', 'data/lang_1char/non_lang_syms.txt', 'data/et_babel_lao/split32utt/12', 'data/lang_1char/train_units.txt')

activate does not accept more than one argument:
('--feat', 'dump/dt_babel_lao/deltafalse/feats.scp', '--nlsyms', 'data/lang_1char/non_lang_syms.txt', 'data/dt_babel_lao/split32utt/18', 'data/lang_1char/train_units.txt')

activate does not accept more than one argument:
('--feat', 'dump/dt_babel_lao/deltafalse/feats.scp', '--nlsyms', 'data/lang_1char/non_lang_syms.txt', 'data/dt_babel_lao/split32utt/19', 'data/lang_1char/train_units.txt')

activate does not accept more than one argument:
('--feat', 'dump/et_babel_lao/deltafalse/feats.scp', '--nlsyms', 'data/lang_1char/non_lang_syms.txt', 'data/et_babel_lao/split32utt/13', 'data/lang_1char/train_units.txt')

activate does not accept more than one argument:
('--feat', 'dump/dt_babel_lao/deltafalse/feats.scp', '--nlsyms', 'data/lang_1char/non_lang_syms.txt', 'data/dt_babel_lao/split32utt/20', 'data/lang_1char/train_units.txt')

activate does not accept more than one argument:
('--feat', 'dump/et_babel_lao/deltafalse/feats.scp', '--nlsyms', 'data/lang_1char/non_lang_syms.txt', 'data/et_babel_lao/split32utt/14', 'data/lang_1char/train_units.txt')

activate does not accept more than one argument:
('--feat', 'dump/dt_babel_lao/deltafalse/feats.scp', '--nlsyms', 'data/lang_1char/non_lang_syms.txt', 'data/dt_babel_lao/split32utt/21', 'data/lang_1char/train_units.txt')

activate does not accept more than one argument:
('--feat', 'dump/dt_babel_lao/deltafalse/feats.scp', '--nlsyms', 'data/lang_1char/non_lang_syms.txt', 'data/dt_babel_lao/split32utt/22', 'data/lang_1char/train_units.txt')

activate does not accept more than one argument:
('--feat', 'dump/et_babel_lao/deltafalse/feats.scp', '--nlsyms', 'data/lang_1char/non_lang_syms.txt', 'data/et_babel_lao/split32utt/15', 'data/lang_1char/train_units.txt')

activate does not accept more than one argument:
('--feat', 'dump/dt_babel_lao/deltafalse/feats.scp', '--nlsyms', 'data/lang_1char/non_lang_syms.txt', 'data/dt_babel_lao/split32utt/23', 'data/lang_1char/train_units.txt')

activate does not accept more than one argument:
('--feat', 'dump/dt_babel_lao/deltafalse/feats.scp', '--nlsyms', 'data/lang_1char/non_lang_syms.txt', 'data/dt_babel_lao/split32utt/24', 'data/lang_1char/train_units.txt')

activate does not accept more than one argument:
('--feat', 'dump/et_babel_lao/deltafalse/feats.scp', '--nlsyms', 'data/lang_1char/non_lang_syms.txt', 'data/et_babel_lao/split32utt/16', 'data/lang_1char/train_units.txt')

activate does not accept more than one argument:
('--feat', 'dump/dt_babel_lao/deltafalse/feats.scp', '--nlsyms', 'data/lang_1char/non_lang_syms.txt', 'data/dt_babel_lao/split32utt/25', 'data/lang_1char/train_units.txt')

activate does not accept more than one argument:
('--feat', 'dump/et_babel_lao/deltafalse/feats.scp', '--nlsyms', 'data/lang_1char/non_lang_syms.txt', 'data/et_babel_lao/split32utt/17', 'data/lang_1char/train_units.txt')

activate does not accept more than one argument:
('--feat', 'dump/dt_babel_lao/deltafalse/feats.scp', '--nlsyms', 'data/lang_1char/non_lang_syms.txt', 'data/dt_babel_lao/split32utt/26', 'data/lang_1char/train_units.txt')

activate does not accept more than one argument:
('--feat', 'dump/dt_babel_lao/deltafalse/feats.scp', '--nlsyms', 'data/lang_1char/non_lang_syms.txt', 'data/dt_babel_lao/split32utt/27', 'data/lang_1char/train_units.txt')

activate does not accept more than one argument:
('--feat', 'dump/et_babel_lao/deltafalse/feats.scp', '--nlsyms', 'data/lang_1char/non_lang_syms.txt', 'data/et_babel_lao/split32utt/18', 'data/lang_1char/train_units.txt')

activate does not accept more than one argument:
('--feat', 'dump/dt_babel_lao/deltafalse/feats.scp', '--nlsyms', 'data/lang_1char/non_lang_syms.txt', 'data/dt_babel_lao/split32utt/28', 'data/lang_1char/train_units.txt')

activate does not accept more than one argument:
('--feat', 'dump/et_babel_lao/deltafalse/feats.scp', '--nlsyms', 'data/lang_1char/non_lang_syms.txt', 'data/et_babel_lao/split32utt/19', 'data/lang_1char/train_units.txt')

activate does not accept more than one argument:
('--feat', 'dump/dt_babel_lao/deltafalse/feats.scp', '--nlsyms', 'data/lang_1char/non_lang_syms.txt', 'data/dt_babel_lao/split32utt/29', 'data/lang_1char/train_units.txt')

activate does not accept more than one argument:
('--feat', 'dump/dt_babel_lao/deltafalse/feats.scp', '--nlsyms', 'data/lang_1char/non_lang_syms.txt', 'data/dt_babel_lao/split32utt/30', 'data/lang_1char/train_units.txt')

activate does not accept more than one argument:
('--feat', 'dump/et_babel_lao/deltafalse/feats.scp', '--nlsyms', 'data/lang_1char/non_lang_syms.txt', 'data/et_babel_lao/split32utt/20', 'data/lang_1char/train_units.txt')

activate does not accept more than one argument:
('--feat', 'dump/dt_babel_lao/deltafalse/feats.scp', '--nlsyms', 'data/lang_1char/non_lang_syms.txt', 'data/dt_babel_lao/split32utt/31', 'data/lang_1char/train_units.txt')

activate does not accept more than one argument:
('--feat', 'dump/et_babel_lao/deltafalse/feats.scp', '--nlsyms', 'data/lang_1char/non_lang_syms.txt', 'data/et_babel_lao/split32utt/21', 'data/lang_1char/train_units.txt')

activate does not accept more than one argument:
('--feat', 'dump/dt_babel_lao/deltafalse/feats.scp', '--nlsyms', 'data/lang_1char/non_lang_syms.txt', 'data/dt_babel_lao/split32utt/32', 'data/lang_1char/train_units.txt')

activate does not accept more than one argument:
('--feat', 'dump/et_babel_lao/deltafalse/feats.scp', '--nlsyms', 'data/lang_1char/non_lang_syms.txt', 'data/et_babel_lao/split32utt/22', 'data/lang_1char/train_units.txt')

activate does not accept more than one argument:
('--feat', 'dump/et_babel_lao/deltafalse/feats.scp', '--nlsyms', 'data/lang_1char/non_lang_syms.txt', 'data/et_babel_lao/split32utt/23', 'data/lang_1char/train_units.txt')

activate does not accept more than one argument:
('--feat', 'dump/et_babel_lao/deltafalse/feats.scp', '--nlsyms', 'data/lang_1char/non_lang_syms.txt', 'data/et_babel_lao/split32utt/24', 'data/lang_1char/train_units.txt')

activate does not accept more than one argument:
('--feat', 'dump/et_babel_lao/deltafalse/feats.scp', '--nlsyms', 'data/lang_1char/non_lang_syms.txt', 'data/et_babel_lao/split32utt/25', 'data/lang_1char/train_units.txt')

activate does not accept more than one argument:
('--feat', 'dump/et_babel_lao/deltafalse/feats.scp', '--nlsyms', 'data/lang_1char/non_lang_syms.txt', 'data/et_babel_lao/split32utt/26', 'data/lang_1char/train_units.txt')

activate does not accept more than one argument:
('--feat', 'dump/et_babel_lao/deltafalse/feats.scp', '--nlsyms', 'data/lang_1char/non_lang_syms.txt', 'data/et_babel_lao/split32utt/27', 'data/lang_1char/train_units.txt')

activate does not accept more than one argument:
('--feat', 'dump/et_babel_lao/deltafalse/feats.scp', '--nlsyms', 'data/lang_1char/non_lang_syms.txt', 'data/et_babel_lao/split32utt/28', 'data/lang_1char/train_units.txt')

activate does not accept more than one argument:
('--feat', 'dump/et_babel_lao/deltafalse/feats.scp', '--nlsyms', 'data/lang_1char/non_lang_syms.txt', 'data/et_babel_lao/split32utt/29', 'data/lang_1char/train_units.txt')

activate does not accept more than one argument:
('--feat', 'dump/et_babel_lao/deltafalse/feats.scp', '--nlsyms', 'data/lang_1char/non_lang_syms.txt', 'data/et_babel_lao/split32utt/30', 'data/lang_1char/train_units.txt')

activate does not accept more than one argument:
('--feat', 'dump/et_babel_lao/deltafalse/feats.scp', '--nlsyms', 'data/lang_1char/non_lang_syms.txt', 'data/et_babel_lao/split32utt/31', 'data/lang_1char/train_units.txt')

activate does not accept more than one argument:
('--feat', 'dump/et_babel_lao/deltafalse/feats.scp', '--nlsyms', 'data/lang_1char/non_lang_syms.txt', 'data/et_babel_lao/split32utt/32', 'data/lang_1char/train_units.txt')

queue.pl: 1 / 32 failed, log is in exp/tr_babel10_blstmp_e8_subsample1_2_2_1_1_unit320_proj320_d1_unit300_location_aconvc10_aconvf100_mtlalpha0.5_adadelta_bs50_mli800_mlo150_karthick_5hrs_transfer_rnnlm_added/decode_dt_babel_lao_beam20_eacc.best_p0.0_len0.0-0.0_ctcw0.3_rnnlm0.4/log/decode.*.log
activate does not accept more than one argument:
('--nlsyms', 'data/lang_1char/non_lang_syms.txt', '--wer', 'true', 'exp/tr_babel10_blstmp_e8_subsample1_2_2_1_1_unit320_proj320_d1_unit300_location_aconvc10_aconvf100_mtlalpha0.5_adadelta_bs50_mli800_mlo150_karthick_5hrs_transfer_rnnlm_added/decode_dt_babel_lao_beam20_eacc.best_p0.0_len0.0-0.0_ctcw0.3_rnnlm0.4', 'data/lang_1char/train_units.txt')

2018-07-01 19:36:32,509 (concatjson:28) INFO: new json has 6623 utterances
2018-07-01 19:36:33,028 (json2trn:22) INFO: reading exp/tr_babel10_blstmp_e8_subsample1_2_2_1_1_unit320_proj320_d1_unit300_location_aconvc10_aconvf100_mtlalpha0.5_adadelta_bs50_mli800_mlo150_karthick_5hrs_transfer_rnnlm_added/decode_dt_babel_lao_beam20_eacc.best_p0.0_len0.0-0.0_ctcw0.3_rnnlm0.4/data.json
2018-07-01 19:36:33,171 (json2trn:26) INFO: reading data/lang_1char/train_units.txt
2018-07-01 19:36:33,179 (json2trn:34) INFO: writing hyp trn to exp/tr_babel10_blstmp_e8_subsample1_2_2_1_1_unit320_proj320_d1_unit300_location_aconvc10_aconvf100_mtlalpha0.5_adadelta_bs50_mli800_mlo150_karthick_5hrs_transfer_rnnlm_added/decode_dt_babel_lao_beam20_eacc.best_p0.0_len0.0-0.0_ctcw0.3_rnnlm0.4/hyp.trn
2018-07-01 19:36:33,179 (json2trn:35) INFO: writing ref trn to exp/tr_babel10_blstmp_e8_subsample1_2_2_1_1_unit320_proj320_d1_unit300_location_aconvc10_aconvf100_mtlalpha0.5_adadelta_bs50_mli800_mlo150_karthick_5hrs_transfer_rnnlm_added/decode_dt_babel_lao_beam20_eacc.best_p0.0_len0.0-0.0_ctcw0.3_rnnlm0.4/ref.trn
write a CER (or TER) result in exp/tr_babel10_blstmp_e8_subsample1_2_2_1_1_unit320_proj320_d1_unit300_location_aconvc10_aconvf100_mtlalpha0.5_adadelta_bs50_mli800_mlo150_karthick_5hrs_transfer_rnnlm_added/decode_dt_babel_lao_beam20_eacc.best_p0.0_len0.0-0.0_ctcw0.3_rnnlm0.4/result.txt
|           SPKR                  |           # Snt                     # Wrd            |           Corr                        Sub                        Del                        Ins                         Err                      S.Err           |
|           Sum/Avg               |           6623                      242345           |           64.7                       23.6                       11.6                       12.0                        47.3                       86.8           |
write a WER result in exp/tr_babel10_blstmp_e8_subsample1_2_2_1_1_unit320_proj320_d1_unit300_location_aconvc10_aconvf100_mtlalpha0.5_adadelta_bs50_mli800_mlo150_karthick_5hrs_transfer_rnnlm_added/decode_dt_babel_lao_beam20_eacc.best_p0.0_len0.0-0.0_ctcw0.3_rnnlm0.4/result.wrd.txt
|           SPKR                   |           # Snt                     # Wrd            |           Corr                         Sub                        Del                         Ins                         Err                      S.Err            |
|           Sum/Avg                |           6623                      55847            |           41.8                        52.2                        6.0                        12.7                        70.9                       85.5            |
queue.pl: 1 / 32 failed, log is in exp/tr_babel10_blstmp_e8_subsample1_2_2_1_1_unit320_proj320_d1_unit300_location_aconvc10_aconvf100_mtlalpha0.5_adadelta_bs50_mli800_mlo150_karthick_5hrs_transfer_rnnlm_added/decode_et_babel_lao_beam20_eacc.best_p0.0_len0.0-0.0_ctcw0.3_rnnlm0.4/log/decode.*.log
activate does not accept more than one argument:
('--nlsyms', 'data/lang_1char/non_lang_syms.txt', '--wer', 'true', 'exp/tr_babel10_blstmp_e8_subsample1_2_2_1_1_unit320_proj320_d1_unit300_location_aconvc10_aconvf100_mtlalpha0.5_adadelta_bs50_mli800_mlo150_karthick_5hrs_transfer_rnnlm_added/decode_et_babel_lao_beam20_eacc.best_p0.0_len0.0-0.0_ctcw0.3_rnnlm0.4', 'data/lang_1char/train_units.txt')

2018-07-01 21:09:48,062 (concatjson:28) INFO: new json has 11354 utterances
2018-07-01 21:09:48,845 (json2trn:22) INFO: reading exp/tr_babel10_blstmp_e8_subsample1_2_2_1_1_unit320_proj320_d1_unit300_location_aconvc10_aconvf100_mtlalpha0.5_adadelta_bs50_mli800_mlo150_karthick_5hrs_transfer_rnnlm_added/decode_et_babel_lao_beam20_eacc.best_p0.0_len0.0-0.0_ctcw0.3_rnnlm0.4/data.json
2018-07-01 21:09:49,042 (json2trn:26) INFO: reading data/lang_1char/train_units.txt
2018-07-01 21:09:49,048 (json2trn:34) INFO: writing hyp trn to exp/tr_babel10_blstmp_e8_subsample1_2_2_1_1_unit320_proj320_d1_unit300_location_aconvc10_aconvf100_mtlalpha0.5_adadelta_bs50_mli800_mlo150_karthick_5hrs_transfer_rnnlm_added/decode_et_babel_lao_beam20_eacc.best_p0.0_len0.0-0.0_ctcw0.3_rnnlm0.4/hyp.trn
2018-07-01 21:09:49,048 (json2trn:35) INFO: writing ref trn to exp/tr_babel10_blstmp_e8_subsample1_2_2_1_1_unit320_proj320_d1_unit300_location_aconvc10_aconvf100_mtlalpha0.5_adadelta_bs50_mli800_mlo150_karthick_5hrs_transfer_rnnlm_added/decode_et_babel_lao_beam20_eacc.best_p0.0_len0.0-0.0_ctcw0.3_rnnlm0.4/ref.trn
write a CER (or TER) result in exp/tr_babel10_blstmp_e8_subsample1_2_2_1_1_unit320_proj320_d1_unit300_location_aconvc10_aconvf100_mtlalpha0.5_adadelta_bs50_mli800_mlo150_karthick_5hrs_transfer_rnnlm_added/decode_et_babel_lao_beam20_eacc.best_p0.0_len0.0-0.0_ctcw0.3_rnnlm0.4/result.txt
|           SPKR                  |           # Snt                      # Wrd           |           Corr                        Sub                         Del                        Ins                        Err                      S.Err           |
|           Sum/Avg               |          11354                      391474           |           63.9                       23.8                        12.3                       11.9                       48.0                       86.6           |
write a WER result in exp/tr_babel10_blstmp_e8_subsample1_2_2_1_1_unit320_proj320_d1_unit300_location_aconvc10_aconvf100_mtlalpha0.5_adadelta_bs50_mli800_mlo150_karthick_5hrs_transfer_rnnlm_added/decode_et_babel_lao_beam20_eacc.best_p0.0_len0.0-0.0_ctcw0.3_rnnlm0.4/result.wrd.txt
|           SPKR                   |           # Snt                     # Wrd            |           Corr                         Sub                        Del                         Ins                         Err                      S.Err            |
|           Sum/Avg                |          11354                      90303            |           41.5                        52.0                        6.5                        12.3                        70.8                       85.2            |
Finished
