activate does not accept more than one argument:
('--lm_lang', 'assamese', '--ngpu', '1')

stage 3: LM Preparation
activate does not accept more than one argument:
('--lm_lang', 'bengali', '--ngpu', '1')

stage 3: LM Preparation
activate does not accept more than one argument:
('--lm_lang', 'cantonese', '--ngpu', '1')

stage 3: LM Preparation
activate does not accept more than one argument:
('--lm_lang', 'georgian', '--ngpu', '1')

stage 3: LM Preparation
activate does not accept more than one argument:
('--lm_lang', 'haitian', '--ngpu', '1')

stage 3: LM Preparation
activate does not accept more than one argument:
('--lm_lang', 'kurmanji', '--ngpu', '1')

stage 3: LM Preparation
activate does not accept more than one argument:
('--lm_lang', 'lao', '--ngpu', '1')

stage 3: LM Preparation
activate does not accept more than one argument:
('--lm_lang', 'pashto', '--ngpu', '1')

stage 3: LM Preparation
activate does not accept more than one argument:
('--lm_lang', 'swahili', '--ngpu', '1')

stage 3: LM Preparation
activate does not accept more than one argument:
('--lm_lang', 'tagalog', '--ngpu', '1')

stage 3: LM Preparation
activate does not accept more than one argument:
('--lm_lang', 'tamil', '--ngpu', '1')

stage 3: LM Preparation
activate does not accept more than one argument:
('--lm_lang', 'tokpisin', '--ngpu', '1')

stage 3: LM Preparation
activate does not accept more than one argument:
('--lm_lang', 'turkish', '--ngpu', '1')

stage 3: LM Preparation
activate does not accept more than one argument:
('--lm_lang', 'vietnamese', '--ngpu', '1')

stage 3: LM Preparation
activate does not accept more than one argument:
('--lm_lang', 'zulu', '--ngpu', '1')

stage 3: LM Preparation
