activate does not accept more than one argument:
('--hrs', '10', '--stage', '5')

dictionary: data/lang_1char/train_units.txt
stage 5: Decoding
activate does not accept more than one argument:
('--feat', 'dump/et_babel_lao/deltafalse/feats.scp', '--nlsyms', 'data/lang_1char/non_lang_syms.txt', 'data/et_babel_lao/split32utt/1', 'data/lang_1char/train_units.txt')

activate does not accept more than one argument:
('--feat', 'dump/dt_babel_lao/deltafalse/feats.scp', '--nlsyms', 'data/lang_1char/non_lang_syms.txt', 'data/dt_babel_lao/split32utt/1', 'data/lang_1char/train_units.txt')

activate does not accept more than one argument:
('--feat', 'dump/dt_babel_lao/deltafalse/feats.scp', '--nlsyms', 'data/lang_1char/non_lang_syms.txt', 'data/dt_babel_lao/split32utt/2', 'data/lang_1char/train_units.txt')

activate does not accept more than one argument:
('--feat', 'dump/et_babel_lao/deltafalse/feats.scp', '--nlsyms', 'data/lang_1char/non_lang_syms.txt', 'data/et_babel_lao/split32utt/2', 'data/lang_1char/train_units.txt')

activate does not accept more than one argument:
('--feat', 'dump/dt_babel_lao/deltafalse/feats.scp', '--nlsyms', 'data/lang_1char/non_lang_syms.txt', 'data/dt_babel_lao/split32utt/3', 'data/lang_1char/train_units.txt')

activate does not accept more than one argument:
('--feat', 'dump/dt_babel_lao/deltafalse/feats.scp', '--nlsyms', 'data/lang_1char/non_lang_syms.txt', 'data/dt_babel_lao/split32utt/4', 'data/lang_1char/train_units.txt')

activate does not accept more than one argument:
('--feat', 'dump/et_babel_lao/deltafalse/feats.scp', '--nlsyms', 'data/lang_1char/non_lang_syms.txt', 'data/et_babel_lao/split32utt/3', 'data/lang_1char/train_units.txt')

activate does not accept more than one argument:
('--feat', 'dump/dt_babel_lao/deltafalse/feats.scp', '--nlsyms', 'data/lang_1char/non_lang_syms.txt', 'data/dt_babel_lao/split32utt/5', 'data/lang_1char/train_units.txt')

activate does not accept more than one argument:
('--feat', 'dump/et_babel_lao/deltafalse/feats.scp', '--nlsyms', 'data/lang_1char/non_lang_syms.txt', 'data/et_babel_lao/split32utt/4', 'data/lang_1char/train_units.txt')

activate does not accept more than one argument:
('--feat', 'dump/dt_babel_lao/deltafalse/feats.scp', '--nlsyms', 'data/lang_1char/non_lang_syms.txt', 'data/dt_babel_lao/split32utt/6', 'data/lang_1char/train_units.txt')

activate does not accept more than one argument:
('--feat', 'dump/dt_babel_lao/deltafalse/feats.scp', '--nlsyms', 'data/lang_1char/non_lang_syms.txt', 'data/dt_babel_lao/split32utt/7', 'data/lang_1char/train_units.txt')

activate does not accept more than one argument:
('--feat', 'dump/et_babel_lao/deltafalse/feats.scp', '--nlsyms', 'data/lang_1char/non_lang_syms.txt', 'data/et_babel_lao/split32utt/5', 'data/lang_1char/train_units.txt')

activate does not accept more than one argument:
('--feat', 'dump/dt_babel_lao/deltafalse/feats.scp', '--nlsyms', 'data/lang_1char/non_lang_syms.txt', 'data/dt_babel_lao/split32utt/8', 'data/lang_1char/train_units.txt')

activate does not accept more than one argument:
('--feat', 'dump/et_babel_lao/deltafalse/feats.scp', '--nlsyms', 'data/lang_1char/non_lang_syms.txt', 'data/et_babel_lao/split32utt/6', 'data/lang_1char/train_units.txt')

activate does not accept more than one argument:
('--feat', 'dump/dt_babel_lao/deltafalse/feats.scp', '--nlsyms', 'data/lang_1char/non_lang_syms.txt', 'data/dt_babel_lao/split32utt/9', 'data/lang_1char/train_units.txt')

activate does not accept more than one argument:
('--feat', 'dump/dt_babel_lao/deltafalse/feats.scp', '--nlsyms', 'data/lang_1char/non_lang_syms.txt', 'data/dt_babel_lao/split32utt/10', 'data/lang_1char/train_units.txt')

activate does not accept more than one argument:
('--feat', 'dump/et_babel_lao/deltafalse/feats.scp', '--nlsyms', 'data/lang_1char/non_lang_syms.txt', 'data/et_babel_lao/split32utt/7', 'data/lang_1char/train_units.txt')

activate does not accept more than one argument:
('--feat', 'dump/dt_babel_lao/deltafalse/feats.scp', '--nlsyms', 'data/lang_1char/non_lang_syms.txt', 'data/dt_babel_lao/split32utt/11', 'data/lang_1char/train_units.txt')

activate does not accept more than one argument:
('--feat', 'dump/et_babel_lao/deltafalse/feats.scp', '--nlsyms', 'data/lang_1char/non_lang_syms.txt', 'data/et_babel_lao/split32utt/8', 'data/lang_1char/train_units.txt')

activate does not accept more than one argument:
('--feat', 'dump/dt_babel_lao/deltafalse/feats.scp', '--nlsyms', 'data/lang_1char/non_lang_syms.txt', 'data/dt_babel_lao/split32utt/12', 'data/lang_1char/train_units.txt')

activate does not accept more than one argument:
('--feat', 'dump/dt_babel_lao/deltafalse/feats.scp', '--nlsyms', 'data/lang_1char/non_lang_syms.txt', 'data/dt_babel_lao/split32utt/13', 'data/lang_1char/train_units.txt')

activate does not accept more than one argument:
('--feat', 'dump/et_babel_lao/deltafalse/feats.scp', '--nlsyms', 'data/lang_1char/non_lang_syms.txt', 'data/et_babel_lao/split32utt/9', 'data/lang_1char/train_units.txt')

activate does not accept more than one argument:
('--feat', 'dump/dt_babel_lao/deltafalse/feats.scp', '--nlsyms', 'data/lang_1char/non_lang_syms.txt', 'data/dt_babel_lao/split32utt/14', 'data/lang_1char/train_units.txt')

activate does not accept more than one argument:
('--feat', 'dump/et_babel_lao/deltafalse/feats.scp', '--nlsyms', 'data/lang_1char/non_lang_syms.txt', 'data/et_babel_lao/split32utt/10', 'data/lang_1char/train_units.txt')

activate does not accept more than one argument:
('--feat', 'dump/dt_babel_lao/deltafalse/feats.scp', '--nlsyms', 'data/lang_1char/non_lang_syms.txt', 'data/dt_babel_lao/split32utt/15', 'data/lang_1char/train_units.txt')

activate does not accept more than one argument:
('--feat', 'dump/dt_babel_lao/deltafalse/feats.scp', '--nlsyms', 'data/lang_1char/non_lang_syms.txt', 'data/dt_babel_lao/split32utt/16', 'data/lang_1char/train_units.txt')

activate does not accept more than one argument:
('--feat', 'dump/et_babel_lao/deltafalse/feats.scp', '--nlsyms', 'data/lang_1char/non_lang_syms.txt', 'data/et_babel_lao/split32utt/11', 'data/lang_1char/train_units.txt')

activate does not accept more than one argument:
('--feat', 'dump/dt_babel_lao/deltafalse/feats.scp', '--nlsyms', 'data/lang_1char/non_lang_syms.txt', 'data/dt_babel_lao/split32utt/17', 'data/lang_1char/train_units.txt')

activate does not accept more than one argument:
('--feat', 'dump/et_babel_lao/deltafalse/feats.scp', '--nlsyms', 'data/lang_1char/non_lang_syms.txt', 'data/et_babel_lao/split32utt/12', 'data/lang_1char/train_units.txt')

activate does not accept more than one argument:
('--feat', 'dump/dt_babel_lao/deltafalse/feats.scp', '--nlsyms', 'data/lang_1char/non_lang_syms.txt', 'data/dt_babel_lao/split32utt/18', 'data/lang_1char/train_units.txt')

activate does not accept more than one argument:
('--feat', 'dump/dt_babel_lao/deltafalse/feats.scp', '--nlsyms', 'data/lang_1char/non_lang_syms.txt', 'data/dt_babel_lao/split32utt/19', 'data/lang_1char/train_units.txt')

activate does not accept more than one argument:
('--feat', 'dump/et_babel_lao/deltafalse/feats.scp', '--nlsyms', 'data/lang_1char/non_lang_syms.txt', 'data/et_babel_lao/split32utt/13', 'data/lang_1char/train_units.txt')

activate does not accept more than one argument:
('--feat', 'dump/dt_babel_lao/deltafalse/feats.scp', '--nlsyms', 'data/lang_1char/non_lang_syms.txt', 'data/dt_babel_lao/split32utt/20', 'data/lang_1char/train_units.txt')

activate does not accept more than one argument:
('--feat', 'dump/et_babel_lao/deltafalse/feats.scp', '--nlsyms', 'data/lang_1char/non_lang_syms.txt', 'data/et_babel_lao/split32utt/14', 'data/lang_1char/train_units.txt')

activate does not accept more than one argument:
('--feat', 'dump/dt_babel_lao/deltafalse/feats.scp', '--nlsyms', 'data/lang_1char/non_lang_syms.txt', 'data/dt_babel_lao/split32utt/21', 'data/lang_1char/train_units.txt')

activate does not accept more than one argument:
('--feat', 'dump/dt_babel_lao/deltafalse/feats.scp', '--nlsyms', 'data/lang_1char/non_lang_syms.txt', 'data/dt_babel_lao/split32utt/22', 'data/lang_1char/train_units.txt')

activate does not accept more than one argument:
('--feat', 'dump/et_babel_lao/deltafalse/feats.scp', '--nlsyms', 'data/lang_1char/non_lang_syms.txt', 'data/et_babel_lao/split32utt/15', 'data/lang_1char/train_units.txt')

activate does not accept more than one argument:
('--feat', 'dump/dt_babel_lao/deltafalse/feats.scp', '--nlsyms', 'data/lang_1char/non_lang_syms.txt', 'data/dt_babel_lao/split32utt/23', 'data/lang_1char/train_units.txt')

activate does not accept more than one argument:
('--feat', 'dump/et_babel_lao/deltafalse/feats.scp', '--nlsyms', 'data/lang_1char/non_lang_syms.txt', 'data/et_babel_lao/split32utt/16', 'data/lang_1char/train_units.txt')

activate does not accept more than one argument:
('--feat', 'dump/dt_babel_lao/deltafalse/feats.scp', '--nlsyms', 'data/lang_1char/non_lang_syms.txt', 'data/dt_babel_lao/split32utt/24', 'data/lang_1char/train_units.txt')

activate does not accept more than one argument:
('--feat', 'dump/dt_babel_lao/deltafalse/feats.scp', '--nlsyms', 'data/lang_1char/non_lang_syms.txt', 'data/dt_babel_lao/split32utt/25', 'data/lang_1char/train_units.txt')

activate does not accept more than one argument:
('--feat', 'dump/et_babel_lao/deltafalse/feats.scp', '--nlsyms', 'data/lang_1char/non_lang_syms.txt', 'data/et_babel_lao/split32utt/17', 'data/lang_1char/train_units.txt')

activate does not accept more than one argument:
('--feat', 'dump/dt_babel_lao/deltafalse/feats.scp', '--nlsyms', 'data/lang_1char/non_lang_syms.txt', 'data/dt_babel_lao/split32utt/26', 'data/lang_1char/train_units.txt')

activate does not accept more than one argument:
('--feat', 'dump/et_babel_lao/deltafalse/feats.scp', '--nlsyms', 'data/lang_1char/non_lang_syms.txt', 'data/et_babel_lao/split32utt/18', 'data/lang_1char/train_units.txt')

activate does not accept more than one argument:
('--feat', 'dump/dt_babel_lao/deltafalse/feats.scp', '--nlsyms', 'data/lang_1char/non_lang_syms.txt', 'data/dt_babel_lao/split32utt/27', 'data/lang_1char/train_units.txt')

activate does not accept more than one argument:
('--feat', 'dump/dt_babel_lao/deltafalse/feats.scp', '--nlsyms', 'data/lang_1char/non_lang_syms.txt', 'data/dt_babel_lao/split32utt/28', 'data/lang_1char/train_units.txt')

activate does not accept more than one argument:
('--feat', 'dump/et_babel_lao/deltafalse/feats.scp', '--nlsyms', 'data/lang_1char/non_lang_syms.txt', 'data/et_babel_lao/split32utt/19', 'data/lang_1char/train_units.txt')

activate does not accept more than one argument:
('--feat', 'dump/dt_babel_lao/deltafalse/feats.scp', '--nlsyms', 'data/lang_1char/non_lang_syms.txt', 'data/dt_babel_lao/split32utt/29', 'data/lang_1char/train_units.txt')

activate does not accept more than one argument:
('--feat', 'dump/et_babel_lao/deltafalse/feats.scp', '--nlsyms', 'data/lang_1char/non_lang_syms.txt', 'data/et_babel_lao/split32utt/20', 'data/lang_1char/train_units.txt')

activate does not accept more than one argument:
('--feat', 'dump/dt_babel_lao/deltafalse/feats.scp', '--nlsyms', 'data/lang_1char/non_lang_syms.txt', 'data/dt_babel_lao/split32utt/30', 'data/lang_1char/train_units.txt')

activate does not accept more than one argument:
('--feat', 'dump/dt_babel_lao/deltafalse/feats.scp', '--nlsyms', 'data/lang_1char/non_lang_syms.txt', 'data/dt_babel_lao/split32utt/31', 'data/lang_1char/train_units.txt')

activate does not accept more than one argument:
('--feat', 'dump/et_babel_lao/deltafalse/feats.scp', '--nlsyms', 'data/lang_1char/non_lang_syms.txt', 'data/et_babel_lao/split32utt/21', 'data/lang_1char/train_units.txt')

activate does not accept more than one argument:
('--feat', 'dump/dt_babel_lao/deltafalse/feats.scp', '--nlsyms', 'data/lang_1char/non_lang_syms.txt', 'data/dt_babel_lao/split32utt/32', 'data/lang_1char/train_units.txt')

activate does not accept more than one argument:
('--feat', 'dump/et_babel_lao/deltafalse/feats.scp', '--nlsyms', 'data/lang_1char/non_lang_syms.txt', 'data/et_babel_lao/split32utt/22', 'data/lang_1char/train_units.txt')

activate does not accept more than one argument:
('--feat', 'dump/et_babel_lao/deltafalse/feats.scp', '--nlsyms', 'data/lang_1char/non_lang_syms.txt', 'data/et_babel_lao/split32utt/23', 'data/lang_1char/train_units.txt')

activate does not accept more than one argument:
('--feat', 'dump/et_babel_lao/deltafalse/feats.scp', '--nlsyms', 'data/lang_1char/non_lang_syms.txt', 'data/et_babel_lao/split32utt/24', 'data/lang_1char/train_units.txt')

activate does not accept more than one argument:
('--feat', 'dump/et_babel_lao/deltafalse/feats.scp', '--nlsyms', 'data/lang_1char/non_lang_syms.txt', 'data/et_babel_lao/split32utt/25', 'data/lang_1char/train_units.txt')

activate does not accept more than one argument:
('--feat', 'dump/et_babel_lao/deltafalse/feats.scp', '--nlsyms', 'data/lang_1char/non_lang_syms.txt', 'data/et_babel_lao/split32utt/26', 'data/lang_1char/train_units.txt')

activate does not accept more than one argument:
('--feat', 'dump/et_babel_lao/deltafalse/feats.scp', '--nlsyms', 'data/lang_1char/non_lang_syms.txt', 'data/et_babel_lao/split32utt/27', 'data/lang_1char/train_units.txt')

activate does not accept more than one argument:
('--feat', 'dump/et_babel_lao/deltafalse/feats.scp', '--nlsyms', 'data/lang_1char/non_lang_syms.txt', 'data/et_babel_lao/split32utt/28', 'data/lang_1char/train_units.txt')

activate does not accept more than one argument:
('--feat', 'dump/et_babel_lao/deltafalse/feats.scp', '--nlsyms', 'data/lang_1char/non_lang_syms.txt', 'data/et_babel_lao/split32utt/29', 'data/lang_1char/train_units.txt')

activate does not accept more than one argument:
('--feat', 'dump/et_babel_lao/deltafalse/feats.scp', '--nlsyms', 'data/lang_1char/non_lang_syms.txt', 'data/et_babel_lao/split32utt/30', 'data/lang_1char/train_units.txt')

activate does not accept more than one argument:
('--feat', 'dump/et_babel_lao/deltafalse/feats.scp', '--nlsyms', 'data/lang_1char/non_lang_syms.txt', 'data/et_babel_lao/split32utt/31', 'data/lang_1char/train_units.txt')

activate does not accept more than one argument:
('--feat', 'dump/et_babel_lao/deltafalse/feats.scp', '--nlsyms', 'data/lang_1char/non_lang_syms.txt', 'data/et_babel_lao/split32utt/32', 'data/lang_1char/train_units.txt')

activate does not accept more than one argument:
('--nlsyms', 'data/lang_1char/non_lang_syms.txt', '--wer', 'true', 'exp/tr_babel10_blstmp_e8_subsample1_2_2_1_1_unit320_proj320_d1_unit300_location_aconvc10_aconvf100_mtlalpha0.5_adadelta_bs50_mli800_mlo150_karthick_10hrs_transfer_rnnlm_added/decode_dt_babel_lao_beam20_eacc.best_p0.0_len0.0-0.0_ctcw0.3_rnnlm0.4', 'data/lang_1char/train_units.txt')

2018-07-01 19:32:53,511 (concatjson:28) INFO: new json has 6623 utterances
2018-07-01 19:32:54,032 (json2trn:22) INFO: reading exp/tr_babel10_blstmp_e8_subsample1_2_2_1_1_unit320_proj320_d1_unit300_location_aconvc10_aconvf100_mtlalpha0.5_adadelta_bs50_mli800_mlo150_karthick_10hrs_transfer_rnnlm_added/decode_dt_babel_lao_beam20_eacc.best_p0.0_len0.0-0.0_ctcw0.3_rnnlm0.4/data.json
2018-07-01 19:32:54,175 (json2trn:26) INFO: reading data/lang_1char/train_units.txt
2018-07-01 19:32:54,182 (json2trn:34) INFO: writing hyp trn to exp/tr_babel10_blstmp_e8_subsample1_2_2_1_1_unit320_proj320_d1_unit300_location_aconvc10_aconvf100_mtlalpha0.5_adadelta_bs50_mli800_mlo150_karthick_10hrs_transfer_rnnlm_added/decode_dt_babel_lao_beam20_eacc.best_p0.0_len0.0-0.0_ctcw0.3_rnnlm0.4/hyp.trn
2018-07-01 19:32:54,183 (json2trn:35) INFO: writing ref trn to exp/tr_babel10_blstmp_e8_subsample1_2_2_1_1_unit320_proj320_d1_unit300_location_aconvc10_aconvf100_mtlalpha0.5_adadelta_bs50_mli800_mlo150_karthick_10hrs_transfer_rnnlm_added/decode_dt_babel_lao_beam20_eacc.best_p0.0_len0.0-0.0_ctcw0.3_rnnlm0.4/ref.trn
write a CER (or TER) result in exp/tr_babel10_blstmp_e8_subsample1_2_2_1_1_unit320_proj320_d1_unit300_location_aconvc10_aconvf100_mtlalpha0.5_adadelta_bs50_mli800_mlo150_karthick_10hrs_transfer_rnnlm_added/decode_dt_babel_lao_beam20_eacc.best_p0.0_len0.0-0.0_ctcw0.3_rnnlm0.4/result.txt
|           SPKR                  |           # Snt                      # Wrd           |           Corr                        Sub                         Del                        Ins                        Err                       S.Err           |
|           Sum/Avg               |           6623                       242345          |           65.1                       23.8                        11.1                       12.4                       47.3                        86.3           |
write a WER result in exp/tr_babel10_blstmp_e8_subsample1_2_2_1_1_unit320_proj320_d1_unit300_location_aconvc10_aconvf100_mtlalpha0.5_adadelta_bs50_mli800_mlo150_karthick_10hrs_transfer_rnnlm_added/decode_dt_babel_lao_beam20_eacc.best_p0.0_len0.0-0.0_ctcw0.3_rnnlm0.4/result.wrd.txt
|           SPKR                   |           # Snt                      # Wrd           |           Corr                         Sub                         Del                         Ins                        Err                       S.Err            |
|           Sum/Avg                |           6623                       55847           |           42.3                        52.0                         5.7                        12.9                       70.6                        84.8            |
activate does not accept more than one argument:
('--nlsyms', 'data/lang_1char/non_lang_syms.txt', '--wer', 'true', 'exp/tr_babel10_blstmp_e8_subsample1_2_2_1_1_unit320_proj320_d1_unit300_location_aconvc10_aconvf100_mtlalpha0.5_adadelta_bs50_mli800_mlo150_karthick_10hrs_transfer_rnnlm_added/decode_et_babel_lao_beam20_eacc.best_p0.0_len0.0-0.0_ctcw0.3_rnnlm0.4', 'data/lang_1char/train_units.txt')

2018-07-01 20:57:40,828 (concatjson:28) INFO: new json has 11354 utterances
2018-07-01 20:57:41,590 (json2trn:22) INFO: reading exp/tr_babel10_blstmp_e8_subsample1_2_2_1_1_unit320_proj320_d1_unit300_location_aconvc10_aconvf100_mtlalpha0.5_adadelta_bs50_mli800_mlo150_karthick_10hrs_transfer_rnnlm_added/decode_et_babel_lao_beam20_eacc.best_p0.0_len0.0-0.0_ctcw0.3_rnnlm0.4/data.json
2018-07-01 20:57:41,761 (json2trn:26) INFO: reading data/lang_1char/train_units.txt
2018-07-01 20:57:41,767 (json2trn:34) INFO: writing hyp trn to exp/tr_babel10_blstmp_e8_subsample1_2_2_1_1_unit320_proj320_d1_unit300_location_aconvc10_aconvf100_mtlalpha0.5_adadelta_bs50_mli800_mlo150_karthick_10hrs_transfer_rnnlm_added/decode_et_babel_lao_beam20_eacc.best_p0.0_len0.0-0.0_ctcw0.3_rnnlm0.4/hyp.trn
2018-07-01 20:57:41,767 (json2trn:35) INFO: writing ref trn to exp/tr_babel10_blstmp_e8_subsample1_2_2_1_1_unit320_proj320_d1_unit300_location_aconvc10_aconvf100_mtlalpha0.5_adadelta_bs50_mli800_mlo150_karthick_10hrs_transfer_rnnlm_added/decode_et_babel_lao_beam20_eacc.best_p0.0_len0.0-0.0_ctcw0.3_rnnlm0.4/ref.trn
write a CER (or TER) result in exp/tr_babel10_blstmp_e8_subsample1_2_2_1_1_unit320_proj320_d1_unit300_location_aconvc10_aconvf100_mtlalpha0.5_adadelta_bs50_mli800_mlo150_karthick_10hrs_transfer_rnnlm_added/decode_et_babel_lao_beam20_eacc.best_p0.0_len0.0-0.0_ctcw0.3_rnnlm0.4/result.txt
|           SPKR                  |           # Snt                      # Wrd            |           Corr                        Sub                        Del                        Ins                         Err                      S.Err           |
|           Sum/Avg               |          11354                      391474            |           64.3                       24.0                       11.7                       12.2                        47.9                       86.1           |
write a WER result in exp/tr_babel10_blstmp_e8_subsample1_2_2_1_1_unit320_proj320_d1_unit300_location_aconvc10_aconvf100_mtlalpha0.5_adadelta_bs50_mli800_mlo150_karthick_10hrs_transfer_rnnlm_added/decode_et_babel_lao_beam20_eacc.best_p0.0_len0.0-0.0_ctcw0.3_rnnlm0.4/result.wrd.txt
|           SPKR                   |           # Snt                      # Wrd           |           Corr                         Sub                         Del                         Ins                        Err                       S.Err            |
|           Sum/Avg                |          11354                       90303           |           42.1                        51.8                         6.1                        12.6                       70.5                        84.6            |
Finished
